<?xml version="1.0" encoding="UTF-8"?>
<!-- Generated by org.testng.reporters.JUnitReportReporter -->
<testsuite hostname="LAPTOP-TLPNK5VD" failures="0" tests="1" name="testClassPackage.Post_TC3" time="1.408" errors="0" timestamp="2023-05-23T15:04:38 IST" skipped="0">
  <testcase classname="testClassPackage.Post_TC3" name="execute" time="1.408"/>
  <system-out/>
</testsuite> <!-- testClassPackage.Post_TC3 -->
